FUSE library version: 2.9.4
unique: 1, opcode: INIT (26), nodeid: 0, insize: 56, pid: 0
INIT: 7.26
flags=0x001ffffb
max_readahead=0x00020000
   INIT: 7.19
   flags=0x00000000
   max_readahead=0x00020000
   max_write=0x00020000
   max_background=0
   congestion_threshold=0
   unique: 1, success, outsize: 40
unique: 2, opcode: LOOKUP (1), nodeid: 1, insize: 46, pid: 3423
isdir: 1 is a dir
isfile: 252 is not a file
getattr 00000000000000fc 0
isfile: 252 is not a file
isdir: 252 is not a dir
getfile 00000000000000fc
getfile 00000000000000fc -> sz 10
   getattr -> 10
   unique: 2, success, outsize: 144
unique: 3, opcode: GETATTR (3), nodeid: 252, insize: 56, pid: 3423
isfile: 252 is not a file
getattr 00000000000000fc 0
isfile: 252 is not a file
isdir: 252 is not a dir
getfile 00000000000000fc
getfile 00000000000000fc -> sz 10
   getattr -> 10
   unique: 3, success, outsize: 120
unique: 4, opcode: LOOKUP (1), nodeid: 1, insize: 46, pid: 3423
isdir: 1 is a dir
isfile: 252 is not a file
getattr 00000000000000fc 0
isfile: 252 is not a file
isdir: 252 is not a dir
getfile 00000000000000fc
getfile 00000000000000fc -> sz 10
   getattr -> 10
   unique: 4, success, outsize: 144
unique: 5, opcode: GETATTR (3), nodeid: 252, insize: 56, pid: 3423
isfile: 252 is not a file
getattr 00000000000000fc 0
isfile: 252 is not a file
isdir: 252 is not a dir
getfile 00000000000000fc
getfile 00000000000000fc -> sz 10
   getattr -> 10
   unique: 5, success, outsize: 120
unique: 6, opcode: LOOKUP (1), nodeid: 1, insize: 46, pid: 3423
isdir: 1 is a dir
isfile: 252 is not a file
getattr 00000000000000fc 0
isfile: 252 is not a file
isdir: 252 is not a dir
getfile 00000000000000fc
getfile 00000000000000fc -> sz 10
   getattr -> 10
   unique: 6, success, outsize: 144
unique: 7, opcode: UNLINK (10), nodeid: 1, insize: 46, pid: 3423
isdir: 1 is a dir
   unique: 7, success, outsize: 16
unique: 8, opcode: LOOKUP (1), nodeid: 1, insize: 54, pid: 3423
isdir: 1 is a dir
isfile: 254 is not a file
getattr 00000000000000fe 0
isfile: 254 is not a file
isdir: 254 is not a dir
getfile 00000000000000fe
getfile 00000000000000fe -> sz 10
   getattr -> 10
   unique: 8, success, outsize: 144
unique: 9, opcode: FORGET (2), nodeid: 252, insize: 48, pid: 0
unique: 10, opcode: GETATTR (3), nodeid: 254, insize: 56, pid: 3423
isfile: 254 is not a file
getattr 00000000000000fe 0
isfile: 254 is not a file
isdir: 254 is not a dir
getfile 00000000000000fe
getfile 00000000000000fe -> sz 10
   getattr -> 10
   unique: 10, success, outsize: 120
unique: 11, opcode: LOOKUP (1), nodeid: 1, insize: 54, pid: 3423
isdir: 1 is a dir
isfile: 254 is not a file
getattr 00000000000000fe 0
isfile: 254 is not a file
isdir: 254 is not a dir
getfile 00000000000000fe
getfile 00000000000000fe -> sz 10
   getattr -> 10
   unique: 11, success, outsize: 144
unique: 12, opcode: GETATTR (3), nodeid: 254, insize: 56, pid: 3423
isfile: 254 is not a file
getattr 00000000000000fe 0
isfile: 254 is not a file
isdir: 254 is not a dir
getfile 00000000000000fe
getfile 00000000000000fe -> sz 10
   getattr -> 10
   unique: 12, success, outsize: 120
unique: 13, opcode: LOOKUP (1), nodeid: 1, insize: 54, pid: 3423
isdir: 1 is a dir
isfile: 254 is not a file
getattr 00000000000000fe 0
isfile: 254 is not a file
isdir: 254 is not a dir
getfile 00000000000000fe
getfile 00000000000000fe -> sz 10
   getattr -> 10
   unique: 13, success, outsize: 144
unique: 14, opcode: UNLINK (10), nodeid: 1, insize: 54, pid: 3423
isdir: 1 is a dir
   unique: 14, success, outsize: 16
unique: 15, opcode: FORGET (2), nodeid: 254, insize: 48, pid: 0
unique: 16, opcode: LOOKUP (1), nodeid: 1, insize: 51, pid: 3423
isdir: 1 is a dir
isfile: 253 is a file
getattr 00000000000000fd 1
isfile: 253 is a file
getfile 00000000000000fd
getfile 00000000000000fd -> sz 0
   getattr -> 0
   unique: 16, success, outsize: 144
unique: 17, opcode: GETATTR (3), nodeid: 253, insize: 56, pid: 3423
isfile: 253 is a file
getattr 00000000000000fd 1
isfile: 253 is a file
getfile 00000000000000fd
getfile 00000000000000fd -> sz 0
   getattr -> 0
   unique: 17, success, outsize: 120
unique: 18, opcode: LOOKUP (1), nodeid: 1, insize: 51, pid: 3423
isdir: 1 is a dir
isfile: 253 is a file
getattr 00000000000000fd 1
isfile: 253 is a file
getfile 00000000000000fd
getfile 00000000000000fd -> sz 0
   getattr -> 0
   unique: 18, success, outsize: 144
unique: 19, opcode: GETATTR (3), nodeid: 253, insize: 56, pid: 3423
isfile: 253 is a file
getattr 00000000000000fd 1
isfile: 253 is a file
getfile 00000000000000fd
getfile 00000000000000fd -> sz 0
   getattr -> 0
   unique: 19, success, outsize: 120
unique: 20, opcode: LOOKUP (1), nodeid: 1, insize: 51, pid: 3423
isdir: 1 is a dir
isfile: 253 is a file
getattr 00000000000000fd 1
isfile: 253 is a file
getfile 00000000000000fd
getfile 00000000000000fd -> sz 0
   getattr -> 0
   unique: 20, success, outsize: 144
unique: 21, opcode: ACCESS (34), nodeid: 253, insize: 48, pid: 3423
   unique: 21, error: -38 (Function not implemented), outsize: 16
unique: 22, opcode: LOOKUP (1), nodeid: 1, insize: 51, pid: 3423
isdir: 1 is a dir
isfile: 253 is a file
getattr 00000000000000fd 1
isfile: 253 is a file
getfile 00000000000000fd
getfile 00000000000000fd -> sz 0
   getattr -> 0
   unique: 22, success, outsize: 144
unique: 23, opcode: UNLINK (10), nodeid: 1, insize: 51, pid: 3423
isdir: 1 is a dir
   unique: 23, success, outsize: 16
unique: 24, opcode: FORGET (2), nodeid: 253, insize: 48, pid: 0
unique: 25, opcode: LOOKUP (1), nodeid: 1, insize: 52, pid: 3423
isdir: 1 is a dir
   unique: 25, error: -2 (No such file or directory), outsize: 16
unique: 26, opcode: LOOKUP (1), nodeid: 1, insize: 52, pid: 3423
isdir: 1 is a dir
   unique: 26, error: -2 (No such file or directory), outsize: 16
unique: 27, opcode: LOOKUP (1), nodeid: 1, insize: 46, pid: 3424
isdir: 1 is a dir
   unique: 27, error: -2 (No such file or directory), outsize: 16
unique: 28, opcode: LOOKUP (1), nodeid: 1, insize: 46, pid: 3424
isdir: 1 is a dir
   unique: 28, error: -2 (No such file or directory), outsize: 16
unique: 29, opcode: SYMLINK (6), nodeid: 1, insize: 57, pid: 3424
isdir: 1 is a dir
isfile: 252 is not a file
getattr 00000000000000fc 0
isfile: 252 is not a file
isdir: 252 is not a dir
getfile 00000000000000fc
getfile 00000000000000fc -> sz 10
   getattr -> 10
   unique: 29, success, outsize: 144
unique: 30, opcode: LOOKUP (1), nodeid: 1, insize: 46, pid: 3425
isdir: 1 is a dir
isfile: 252 is not a file
getattr 00000000000000fc 0
isfile: 252 is not a file
isdir: 252 is not a dir
getfile 00000000000000fc
getfile 00000000000000fc -> sz 10
   getattr -> 10
   unique: 30, success, outsize: 144
unique: 31, opcode: READLINK (5), nodeid: 252, insize: 40, pid: 3425
   unique: 31, success, outsize: 26
unique: 32, opcode: LOOKUP (1), nodeid: 1, insize: 51, pid: 3426
isdir: 1 is a dir
   unique: 32, error: -2 (No such file or directory), outsize: 16
unique: 33, opcode: LOOKUP (1), nodeid: 1, insize: 51, pid: 3426
isdir: 1 is a dir
   unique: 33, error: -2 (No such file or directory), outsize: 16
unique: 34, opcode: LOOKUP (1), nodeid: 1, insize: 51, pid: 3426
isdir: 1 is a dir
   unique: 34, error: -2 (No such file or directory), outsize: 16
unique: 35, opcode: CREATE (35), nodeid: 1, insize: 67, pid: 3426
isdir: 1 is a dir
isfile: 253 is a file
getattr 00000000000000fd 1
isfile: 253 is a file
getfile 00000000000000fd
getfile 00000000000000fd -> sz 0
   getattr -> 0
   unique: 35, success, outsize: 160
OK: create returns.
unique: 36, opcode: GETATTR (3), nodeid: 253, insize: 56, pid: 3426
isfile: 253 is a file
getattr 00000000000000fd 1
isfile: 253 is a file
getfile 00000000000000fd
getfile 00000000000000fd -> sz 0
   getattr -> 0
   unique: 36, success, outsize: 120
unique: 37, opcode: GETXATTR (22), nodeid: 253, insize: 68, pid: 3426
   unique: 37, error: -38 (Function not implemented), outsize: 16
unique: 38, opcode: WRITE (16), nodeid: 253, insize: 254, pid: 3426
   unique: 38, success, outsize: 24
unique: 39, opcode: FLUSH (25), nodeid: 253, insize: 64, pid: 3426
   unique: 39, error: -38 (Function not implemented), outsize: 16
unique: 40, opcode: RELEASE (18), nodeid: 253, insize: 64, pid: 0
   unique: 40, success, outsize: 16
unique: 41, opcode: LOOKUP (1), nodeid: 1, insize: 54, pid: 3427
isdir: 1 is a dir
   unique: 41, error: -2 (No such file or directory), outsize: 16
unique: 42, opcode: LOOKUP (1), nodeid: 1, insize: 54, pid: 3427
isdir: 1 is a dir
   unique: 42, error: -2 (No such file or directory), outsize: 16
unique: 43, opcode: SYMLINK (6), nodeid: 1, insize: 65, pid: 3427
isdir: 1 is a dir
isfile: 254 is not a file
getattr 00000000000000fe 0
isfile: 254 is not a file
isdir: 254 is not a dir
getfile 00000000000000fe
getfile 00000000000000fe -> sz 10
   getattr -> 10
   unique: 43, success, outsize: 144
unique: 44, opcode: LOOKUP (1), nodeid: 1, insize: 54, pid: 3428
isdir: 1 is a dir
isfile: 254 is not a file
getattr 00000000000000fe 0
isfile: 254 is not a file
isdir: 254 is not a dir
getfile 00000000000000fe
getfile 00000000000000fe -> sz 10
   getattr -> 10
   unique: 44, success, outsize: 144
unique: 45, opcode: READLINK (5), nodeid: 254, insize: 40, pid: 3428
   unique: 45, success, outsize: 26
unique: 46, opcode: LOOKUP (1), nodeid: 1, insize: 51, pid: 3428
isdir: 1 is a dir
isfile: 253 is a file
getattr 00000000000000fd 1
isfile: 253 is a file
getfile 00000000000000fd
getfile 00000000000000fd -> sz 174
   getattr -> 174
   unique: 46, success, outsize: 144
unique: 47, opcode: GETATTR (3), nodeid: 253, insize: 56, pid: 3428
isfile: 253 is a file
getattr 00000000000000fd 1
isfile: 253 is a file
getfile 00000000000000fd
getfile 00000000000000fd -> sz 174
   getattr -> 174
   unique: 47, success, outsize: 120
unique: 48, opcode: LOOKUP (1), nodeid: 1, insize: 51, pid: 3428
isdir: 1 is a dir
isfile: 253 is a file
getattr 00000000000000fd 1
isfile: 253 is a file
getfile 00000000000000fd
getfile 00000000000000fd -> sz 174
   getattr -> 174
   unique: 48, success, outsize: 144
unique: 49, opcode: GETATTR (3), nodeid: 253, insize: 56, pid: 3428
isfile: 253 is a file
getattr 00000000000000fd 1
isfile: 253 is a file
getfile 00000000000000fd
getfile 00000000000000fd -> sz 174
   getattr -> 174
   unique: 49, success, outsize: 120
unique: 50, opcode: LOOKUP (1), nodeid: 1, insize: 51, pid: 3429
isdir: 1 is a dir
isfile: 253 is a file
getattr 00000000000000fd 1
isfile: 253 is a file
getfile 00000000000000fd
getfile 00000000000000fd -> sz 174
   getattr -> 174
   unique: 50, success, outsize: 144
unique: 51, opcode: GETATTR (3), nodeid: 253, insize: 56, pid: 3429
isfile: 253 is a file
getattr 00000000000000fd 1
isfile: 253 is a file
getfile 00000000000000fd
getfile 00000000000000fd -> sz 174
   getattr -> 174
   unique: 51, success, outsize: 120
unique: 52, opcode: LOOKUP (1), nodeid: 1, insize: 51, pid: 3429
isdir: 1 is a dir
isfile: 253 is a file
getattr 00000000000000fd 1
isfile: 253 is a file
getfile 00000000000000fd
getfile 00000000000000fd -> sz 174
   getattr -> 174
   unique: 52, success, outsize: 144
unique: 53, opcode: GETATTR (3), nodeid: 253, insize: 56, pid: 3429
isfile: 253 is a file
getattr 00000000000000fd 1
isfile: 253 is a file
getfile 00000000000000fd
getfile 00000000000000fd -> sz 174
   getattr -> 174
   unique: 53, success, outsize: 120
unique: 54, opcode: LOOKUP (1), nodeid: 1, insize: 51, pid: 3429
isdir: 1 is a dir
isfile: 253 is a file
getattr 00000000000000fd 1
isfile: 253 is a file
getfile 00000000000000fd
getfile 00000000000000fd -> sz 174
   getattr -> 174
   unique: 54, success, outsize: 144
unique: 55, opcode: LOOKUP (1), nodeid: 1, insize: 51, pid: 3429
isdir: 1 is a dir
isfile: 253 is a file
getattr 00000000000000fd 1
isfile: 253 is a file
getfile 00000000000000fd
getfile 00000000000000fd -> sz 174
   getattr -> 174
   unique: 55, success, outsize: 144
unique: 56, opcode: UNLINK (10), nodeid: 1, insize: 51, pid: 3429
isdir: 1 is a dir
   unique: 56, success, outsize: 16
unique: 57, opcode: FORGET (2), nodeid: 253, insize: 48, pid: 0
unique: 58, opcode: LOOKUP (1), nodeid: 1, insize: 51, pid: 3430
isdir: 1 is a dir
   unique: 58, error: -2 (No such file or directory), outsize: 16
unique: 59, opcode: CREATE (35), nodeid: 1, insize: 67, pid: 3430
isdir: 1 is a dir
isfile: 253 is a file
getattr 00000000000000fd 1
isfile: 253 is a file
getfile 00000000000000fd
getfile 00000000000000fd -> sz 0
   getattr -> 0
   unique: 59, success, outsize: 160
OK: create returns.
unique: 60, opcode: SETATTR (4), nodeid: 253, insize: 128, pid: 3430
fuseserver_setattr 0x1b0
   fuseserver_setattr set size to 0
isfile: 253 is a file
getattr 00000000000000fd 1
isfile: 253 is a file
getfile 00000000000000fd
getfile 00000000000000fd -> sz 0
   getattr -> 0
   unique: 60, success, outsize: 120
unique: 61, opcode: RELEASE (18), nodeid: 253, insize: 64, pid: 0
   unique: 61, success, outsize: 16
unique: 62, opcode: LOOKUP (1), nodeid: 1, insize: 54, pid: 3431
isdir: 1 is a dir
isfile: 254 is not a file
getattr 00000000000000fe 0
isfile: 254 is not a file
isdir: 254 is not a dir
getfile 00000000000000fe
getfile 00000000000000fe -> sz 10
   getattr -> 10
   unique: 62, success, outsize: 144
unique: 63, opcode: READLINK (5), nodeid: 254, insize: 40, pid: 3431
   unique: 63, success, outsize: 26
unique: 64, opcode: LOOKUP (1), nodeid: 1, insize: 51, pid: 3431
isdir: 1 is a dir
isfile: 253 is a file
getattr 00000000000000fd 1
isfile: 253 is a file
getfile 00000000000000fd
getfile 00000000000000fd -> sz 0
   getattr -> 0
   unique: 64, success, outsize: 144
unique: 65, opcode: GETATTR (3), nodeid: 253, insize: 56, pid: 3431
isfile: 253 is a file
getattr 00000000000000fd 1
isfile: 253 is a file
getfile 00000000000000fd
getfile 00000000000000fd -> sz 0
   getattr -> 0
   unique: 65, success, outsize: 120
unique: 66, opcode: LOOKUP (1), nodeid: 1, insize: 51, pid: 3431
isdir: 1 is a dir
isfile: 253 is a file
getattr 00000000000000fd 1
isfile: 253 is a file
getfile 00000000000000fd
getfile 00000000000000fd -> sz 0
   getattr -> 0
   unique: 66, success, outsize: 144
unique: 67, opcode: GETATTR (3), nodeid: 253, insize: 56, pid: 3431
isfile: 253 is a file
getattr 00000000000000fd 1
isfile: 253 is a file
getfile 00000000000000fd
getfile 00000000000000fd -> sz 0
   getattr -> 0
   unique: 67, success, outsize: 120
unique: 68, opcode: LOOKUP (1), nodeid: 1, insize: 53, pid: 3466
isdir: 1 is a dir
   unique: 68, error: -2 (No such file or directory), outsize: 16
unique: 69, opcode: CREATE (35), nodeid: 1, insize: 69, pid: 3466
isdir: 1 is a dir
isfile: 255 is a file
getattr 00000000000000ff 1
isfile: 255 is a file
getfile 00000000000000ff
getfile 00000000000000ff -> sz 0
   getattr -> 0
   unique: 69, success, outsize: 160
OK: create returns.
unique: 70, opcode: SETATTR (4), nodeid: 255, insize: 128, pid: 3466
fuseserver_setattr 0x8
   fuseserver_setattr set size to 3072
isfile: 255 is a file
getattr 00000000000000ff 1
isfile: 255 is a file
getfile 00000000000000ff
getfile 00000000000000ff -> sz 3072
   getattr -> 3072
   unique: 70, success, outsize: 120
unique: 71, opcode: IOCTL (39), nodeid: 255, insize: 72, pid: 3466
   unique: 71, error: -38 (Function not implemented), outsize: 16
unique: 72, opcode: WRITE (16), nodeid: 255, insize: 1104, pid: 3466
   unique: 72, success, outsize: 24
unique: 73, opcode: WRITE (16), nodeid: 255, insize: 1104, pid: 3466
   unique: 73, success, outsize: 24
unique: 74, opcode: WRITE (16), nodeid: 255, insize: 1104, pid: 3466
   unique: 74, success, outsize: 24
unique: 75, opcode: WRITE (16), nodeid: 255, insize: 1104, pid: 3466
   unique: 75, success, outsize: 24
unique: 76, opcode: WRITE (16), nodeid: 255, insize: 1104, pid: 3466
   unique: 76, success, outsize: 24
unique: 77, opcode: WRITE (16), nodeid: 255, insize: 1104, pid: 3466
   unique: 77, success, outsize: 24
unique: 78, opcode: WRITE (16), nodeid: 255, insize: 1104, pid: 3466
   unique: 78, success, outsize: 24
unique: 79, opcode: WRITE (16), nodeid: 255, insize: 1104, pid: 3466
   unique: 79, success, outsize: 24
unique: 80, opcode: WRITE (16), nodeid: 255, insize: 1104, pid: 3466
   unique: 80, success, outsize: 24
unique: 81, opcode: WRITE (16), nodeid: 255, insize: 1104, pid: 3466
   unique: 81, success, outsize: 24
unique: 82, opcode: WRITE (16), nodeid: 255, insize: 1104, pid: 3466
   unique: 82, success, outsize: 24
unique: 83, opcode: WRITE (16), nodeid: 255, insize: 1104, pid: 3466
   unique: 83, success, outsize: 24
unique: 84, opcode: WRITE (16), nodeid: 255, insize: 1104, pid: 3466
   unique: 84, success, outsize: 24
unique: 85, opcode: WRITE (16), nodeid: 255, insize: 1104, pid: 3466
   unique: 85, success, outsize: 24
unique: 86, opcode: WRITE (16), nodeid: 255, insize: 1104, pid: 3466
   unique: 86, success, outsize: 24
unique: 87, opcode: WRITE (16), nodeid: 255, insize: 1104, pid: 3466
   unique: 87, success, outsize: 24
unique: 88, opcode: WRITE (16), nodeid: 255, insize: 1104, pid: 3466
   unique: 88, success, outsize: 24
unique: 89, opcode: WRITE (16), nodeid: 255, insize: 1104, pid: 3466
   unique: 89, success, outsize: 24
unique: 90, opcode: WRITE (16), nodeid: 255, insize: 1104, pid: 3466
   unique: 90, success, outsize: 24
unique: 91, opcode: WRITE (16), nodeid: 255, insize: 1104, pid: 3466
   unique: 91, success, outsize: 24
unique: 92, opcode: WRITE (16), nodeid: 255, insize: 1104, pid: 3466
   unique: 92, success, outsize: 24
unique: 93, opcode: WRITE (16), nodeid: 255, insize: 1104, pid: 3466
   unique: 93, success, outsize: 24
unique: 94, opcode: WRITE (16), nodeid: 255, insize: 1104, pid: 3466
   unique: 94, success, outsize: 24
unique: 95, opcode: WRITE (16), nodeid: 255, insize: 1104, pid: 3466
   unique: 95, success, outsize: 24
unique: 96, opcode: WRITE (16), nodeid: 255, insize: 1104, pid: 3466
   unique: 96, success, outsize: 24
unique: 97, opcode: WRITE (16), nodeid: 255, insize: 1104, pid: 3466
   unique: 97, success, outsize: 24
unique: 98, opcode: WRITE (16), nodeid: 255, insize: 1104, pid: 3466
   unique: 98, success, outsize: 24
unique: 99, opcode: WRITE (16), nodeid: 255, insize: 1104, pid: 3466
   unique: 99, success, outsize: 24
unique: 100, opcode: WRITE (16), nodeid: 255, insize: 1104, pid: 3466
   unique: 100, success, outsize: 24
unique: 101, opcode: WRITE (16), nodeid: 255, insize: 1104, pid: 3466
   unique: 101, success, outsize: 24
unique: 102, opcode: RELEASE (18), nodeid: 255, insize: 64, pid: 0
   unique: 102, success, outsize: 16
unique: 103, opcode: LOOKUP (1), nodeid: 1, insize: 53, pid: 3467
isdir: 1 is a dir
isfile: 255 is a file
getattr 00000000000000ff 1
isfile: 255 is a file
getfile 00000000000000ff
getfile 00000000000000ff -> sz 33792
   getattr -> 33792
   unique: 103, success, outsize: 144
unique: 104, opcode: GETATTR (3), nodeid: 255, insize: 56, pid: 3467
isfile: 255 is a file
getattr 00000000000000ff 1
isfile: 255 is a file
getfile 00000000000000ff
getfile 00000000000000ff -> sz 33792
   getattr -> 33792
   unique: 104, success, outsize: 120
unique: 105, opcode: LOOKUP (1), nodeid: 1, insize: 53, pid: 3467
isdir: 1 is a dir
isfile: 255 is a file
getattr 00000000000000ff 1
isfile: 255 is a file
getfile 00000000000000ff
getfile 00000000000000ff -> sz 33792
   getattr -> 33792
   unique: 105, success, outsize: 144
unique: 106, opcode: OPEN (14), nodeid: 255, insize: 48, pid: 3467
   unique: 106, success, outsize: 32
unique: 107, opcode: READ (15), nodeid: 255, insize: 80, pid: 3467
   unique: 107, success, outsize: 16400
unique: 108, opcode: READ (15), nodeid: 255, insize: 80, pid: 3467
   unique: 108, success, outsize: 17424
unique: 109, opcode: GETATTR (3), nodeid: 255, insize: 56, pid: 3467
isfile: 255 is a file
getattr 00000000000000ff 1
isfile: 255 is a file
getfile 00000000000000ff
getfile 00000000000000ff -> sz 33792
   getattr -> 33792
   unique: 109, success, outsize: 120
unique: 110, opcode: GETATTR (3), nodeid: 255, insize: 56, pid: 3467
isfile: 255 is a file
getattr 00000000000000ff 1
isfile: 255 is a file
getfile 00000000000000ff
getfile 00000000000000ff -> sz 33792
   getattr -> 33792
   unique: 110, success, outsize: 120
unique: 111, opcode: RELEASE (18), nodeid: 255, insize: 64, pid: 0
   unique: 111, success, outsize: 16
unique: 112, opcode: LOOKUP (1), nodeid: 1, insize: 53, pid: 3468
isdir: 1 is a dir
isfile: 255 is a file
getattr 00000000000000ff 1
isfile: 255 is a file
getfile 00000000000000ff
getfile 00000000000000ff -> sz 33792
   getattr -> 33792
   unique: 112, success, outsize: 144
unique: 113, opcode: GETATTR (3), nodeid: 255, insize: 56, pid: 3468
isfile: 255 is a file
getattr 00000000000000ff 1
isfile: 255 is a file
getfile 00000000000000ff
getfile 00000000000000ff -> sz 33792
   getattr -> 33792
   unique: 113, success, outsize: 120
unique: 114, opcode: LOOKUP (1), nodeid: 1, insize: 53, pid: 3468
isdir: 1 is a dir
isfile: 255 is a file
getattr 00000000000000ff 1
isfile: 255 is a file
getfile 00000000000000ff
getfile 00000000000000ff -> sz 33792
   getattr -> 33792
   unique: 114, success, outsize: 144
unique: 115, opcode: GETATTR (3), nodeid: 255, insize: 56, pid: 3468
isfile: 255 is a file
getattr 00000000000000ff 1
isfile: 255 is a file
getfile 00000000000000ff
getfile 00000000000000ff -> sz 33792
   getattr -> 33792
   unique: 115, success, outsize: 120
unique: 116, opcode: LOOKUP (1), nodeid: 1, insize: 53, pid: 3468
isdir: 1 is a dir
isfile: 255 is a file
getattr 00000000000000ff 1
isfile: 255 is a file
getfile 00000000000000ff
getfile 00000000000000ff -> sz 33792
   getattr -> 33792
   unique: 116, success, outsize: 144
unique: 117, opcode: LOOKUP (1), nodeid: 1, insize: 53, pid: 3468
isdir: 1 is a dir
isfile: 255 is a file
getattr 00000000000000ff 1
isfile: 255 is a file
getfile 00000000000000ff
getfile 00000000000000ff -> sz 33792
   getattr -> 33792
   unique: 117, success, outsize: 144
unique: 118, opcode: UNLINK (10), nodeid: 1, insize: 53, pid: 3468
isdir: 1 is a dir
   unique: 118, success, outsize: 16
unique: 119, opcode: FORGET (2), nodeid: 255, insize: 48, pid: 0
unique: 120, opcode: FORGET (2), nodeid: 253, insize: 48, pid: 0
